<?xml version="1.0" encoding="UTF-8"?>
<testsuite name="MovieTest" tests="2" skipped="0" failures="0" errors="0" timestamp="2021-01-26T20:41:03" hostname="PSLT5983" time="1.788">
  <properties/>
  <testcase name="findByName()" classname="MovieTest" time="1.785"/>
  <testcase name="findByNameFalse()" classname="MovieTest" time="0.003"/>
  <system-out><![CDATA[]]></system-out>
  <system-err><![CDATA[]]></system-err>
</testsuite>
